Copyright 1986-2022 Xilinx, Inc. All Rights Reserved. Copyright 2022-2025 Advanced Micro Devices, Inc. All Rights Reserved.
---------------------------------------------------------------------------------------------------------------------------------------------
| Tool Version : Vivado v.2025.1 (lin64) Build 6140274 Wed May 21 22:58:25 MDT 2025
| Date         : Wed Nov 12 23:24:37 2025
| Host         : hyperion running 64-bit Arch Linux
| Command      : report_timing -sort_by group -max_paths 100 -path_type summary -file ./reports/post_route_timing.rpt
| Design       : SOC
| Device       : 7a100t-csg324
| Speed File   : -1  PRODUCTION 1.23 2018-06-13
| Design State : Routed
---------------------------------------------------------------------------------------------------------------------------------------------

Timing Report

Startpoint                     Endpoint                       Slack(ns)     
----------------------------------------------------------------------------
CPU/instr_reg[0]/C             CPU/PC_reg[29]/D               0.693         
CPU/instr_reg[0]/C             CPU/PC_reg[31]/D               0.701         
CPU/instr_reg[0]/C             CPU/RegisterFile_reg[9][15]/D  0.741         
CPU/instr_reg[0]/C             CPU/RegisterFile_reg[28][15]/D 0.765         
CPU/instr_reg[0]/C             CPU/PC_reg[30]/D               0.777         
CPU/instr_reg[0]/C             CPU/RegisterFile_reg[2][15]/D  0.782         
CPU/instr_reg[0]/C             CPU/PC_reg[28]/D               0.797         
CPU/instr_reg[0]/C             CPU/PC_reg[25]/D               0.810         
CPU/instr_reg[0]/C             CPU/RegisterFile_reg[10][15]/D 0.815         
CPU/instr_reg[0]/C             CPU/PC_reg[27]/D               0.818         
CPU/instr_reg[0]/C             CPU/RegisterFile_reg[26][15]/D 0.830         
CPU/instr_reg[0]/C             CPU/RegisterFile_reg[5][15]/D  0.854         
CPU/instr_reg[0]/C             CPU/RegisterFile_reg[30][15]/D 0.860         
CPU/instr_reg[0]/C             CPU/RegisterFile_reg[7][15]/D  0.861         
CPU/instr_reg[0]/C             CPU/RegisterFile_reg[11][15]/D 0.885         
CPU/instr_reg[0]/C             CPU/RegisterFile_reg[1][15]/D  0.894         
CPU/instr_reg[0]/C             CPU/PC_reg[26]/D               0.894         
CPU/instr_reg[0]/C             CPU/RegisterFile_reg[6][15]/D  0.912         
CPU/instr_reg[0]/C             CPU/PC_reg[24]/D               0.914         
CPU/instr_reg[0]/C             CPU/RegisterFile_reg[4][15]/D  0.918         
CPU/instr_reg[0]/C             CPU/PC_reg[21]/D               0.927         
CPU/instr_reg[0]/C             CPU/RegisterFile_reg[3][15]/D  0.930         
CPU/instr_reg[0]/C             CPU/PC_reg[23]/D               0.935         
CPU/instr_reg[0]/C             CPU/RegisterFile_reg[2][14]/D  0.937         
CPU/instr_reg[0]/C             CPU/RegisterFile_reg[26][14]/D 0.940         
CPU/instr_reg[0]/C             CPU/RegisterFile_reg[28][14]/D 0.942         
CPU/instr_reg[0]/C             CPU/RegisterFile_reg[13][15]/D 0.943         
CPU/instr_reg[0]/C             CPU/RegisterFile_reg[25][14]/D 0.958         
CPU/instr_reg[0]/C             CPU/RegisterFile_reg[28][9]/D  0.973         
CPU/instr_reg[0]/C             CPU/RegisterFile_reg[26][1]/D  0.979         
CPU/instr_reg[0]/C             CPU/PC_reg[22]/D               1.011         
CPU/instr_reg[0]/C             CPU/RegisterFile_reg[29][1]/D  1.014         
CPU/instr_reg[0]/C             CPU/RegisterFile_reg[30][1]/D  1.015         
CPU/instr_reg[0]/C             CPU/PC_reg[20]/D               1.031         
CPU/instr_reg[0]/C             CPU/RegisterFile_reg[26][9]/D  1.032         
CPU/instr_reg[0]/C             CPU/RegisterFile_reg[14][15]/D 1.039         
CPU/instr_reg[0]/C             CPU/RegisterFile_reg[1][12]/D  1.039         
CPU/instr_reg[0]/C             CPU/RegisterFile_reg[10][9]/D  1.042         
CPU/instr_reg[0]/C             CPU/RegisterFile_reg[31][5]/D  1.042         
CPU/instr_reg[0]/C             CPU/PC_reg[17]/D               1.044         
CPU/instr_reg[0]/C             CPU/RegisterFile_reg[17][15]/D 1.045         
CPU/instr_reg[0]/C             CPU/PC_reg[19]/D               1.052         
CPU/instr_reg[0]/C             CPU/RegisterFile_reg[24][1]/D  1.058         
CPU/instr_reg[0]/C             CPU/RegisterFile_reg[7][14]/D  1.060         
CPU/instr_reg[0]/C             CPU/RegisterFile_reg[29][9]/D  1.062         
CPU/instr_reg[0]/C             CPU/RegisterFile_reg[25][9]/D  1.063         
CPU/instr_reg[0]/C             CPU/RegisterFile_reg[27][9]/D  1.068         
CPU/instr_reg[0]/C             CPU/RegisterFile_reg[30][5]/D  1.071         
CPU/instr_reg[0]/C             CPU/RegisterFile_reg[31][9]/D  1.072         
CPU/instr_reg[0]/C             CPU/RegisterFile_reg[11][9]/D  1.072         
CPU/instr_reg[0]/C             CPU/RegisterFile_reg[12][15]/D 1.072         
CPU/instr_reg[0]/C             CPU/RegisterFile_reg[27][14]/D 1.082         
CPU/instr_reg[0]/C             CPU/RegisterFile_reg[30][9]/D  1.083         
CPU/instr_reg[0]/C             CPU/RegisterFile_reg[31][14]/D 1.083         
CPU/instr_reg[0]/C             CPU/RegisterFile_reg[6][14]/D  1.088         
CPU/instr_reg[0]/C             CPU/RegisterFile_reg[19][9]/D  1.092         
CPU/instr_reg[0]/C             CPU/RegisterFile_reg[4][14]/D  1.096         
CPU/instr_reg[0]/C             CPU/RegisterFile_reg[22][15]/D 1.097         
CPU/instr_reg[0]/C             CPU/RegisterFile_reg[1][14]/D  1.098         
CPU/instr_reg[0]/C             CPU/RegisterFile_reg[28][1]/D  1.125         
CPU/instr_reg[0]/C             CPU/PC_reg[18]/D               1.128         
CPU/instr_reg[0]/C             CPU/RegisterFile_reg[31][1]/D  1.134         
CPU/instr_reg[0]/C             CPU/RegisterFile_reg[14][1]/D  1.138         
CPU/instr_reg[0]/C             CPU/RegisterFile_reg[11][1]/D  1.140         
CPU/instr_reg[0]/C             CPU/RegisterFile_reg[13][12]/D 1.142         
CPU/instr_reg[0]/C             CPU/RegisterFile_reg[20][15]/D 1.143         
CPU/instr_reg[0]/C             CPU/RegisterFile_reg[4][12]/D  1.144         
CPU/instr_reg[0]/C             CPU/PC_reg[16]/D               1.148         
CPU/instr_reg[0]/C             CPU/RegisterFile_reg[5][12]/D  1.150         
CPU/instr_reg[0]/C             CPU/RegisterFile_reg[14][12]/D 1.151         
CPU/instr_reg[0]/C             CPU/RegisterFile_reg[16][1]/D  1.155         
CPU/instr_reg[0]/C             CPU/RegisterFile_reg[25][1]/D  1.155         
CPU/instr_reg[0]/C             CPU/RegisterFile_reg[11][5]/D  1.156         
CPU/instr_reg[0]/C             CPU/PC_reg[13]/D               1.160         
CPU/instr_reg[0]/C             CPU/RegisterFile_reg[23][9]/D  1.165         
CPU/instr_reg[0]/C             CPU/PC_reg[15]/D               1.168         
CPU/instr_reg[0]/C             CPU/RegisterFile_reg[10][5]/D  1.170         
CPU/instr_reg[0]/C             CPU/RegisterFile_reg[16][15]/D 1.171         
CPU/instr_reg[0]/C             CPU/RegisterFile_reg[8][9]/D   1.173         
CPU/instr_reg[0]/C             CPU/RegisterFile_reg[22][9]/D  1.173         
CPU/instr_reg[0]/C             CPU/RegisterFile_reg[27][12]/D 1.178         
CPU/instr_reg[0]/C             CPU/RegisterFile_reg[8][15]/D  1.179         
CPU/instr_reg[0]/C             CPU/RegisterFile_reg[18][9]/D  1.179         
CPU/instr_reg[0]/C             CPU/RegisterFile_reg[13][9]/D  1.182         
CPU/instr_reg[0]/C             CPU/RegisterFile_reg[2][10]/D  1.184         
CPU/instr_reg[0]/C             CPU/RegisterFile_reg[20][12]/D 1.185         
CPU/instr_reg[0]/C             CPU/RegisterFile_reg[9][5]/D   1.187         
CPU/instr_reg[0]/C             CPU/RegisterFile_reg[15][9]/D  1.188         
CPU/instr_reg[0]/C             CPU/RegisterFile_reg[12][5]/D  1.189         
CPU/instr_reg[0]/C             CPU/RegisterFile_reg[2][1]/D   1.189         
CPU/instr_reg[0]/C             CPU/RegisterFile_reg[15][5]/D  1.191         
CPU/instr_reg[0]/C             CPU/RegisterFile_reg[25][12]/D 1.191         
CPU/instr_reg[0]/C             CPU/RegisterFile_reg[22][1]/D  1.192         
CPU/instr_reg[0]/C             CPU/RegisterFile_reg[9][12]/D  1.194         
CPU/instr_reg[0]/C             CPU/RegisterFile_reg[6][1]/D   1.199         
CPU/instr_reg[0]/C             CPU/RegisterFile_reg[10][1]/D  1.200         
CPU/instr_reg[0]/C             CPU/RegisterFile_reg[14][5]/D  1.200         
CPU/instr_reg[0]/C             CPU/RegisterFile_reg[18][5]/D  1.203         
CPU/instr_reg[0]/C             CPU/RegisterFile_reg[10][14]/D 1.206         
CPU/instr_reg[0]/C             CPU/RegisterFile_reg[27][5]/D  1.206         



