Copyright 1986-2022 Xilinx, Inc. All Rights Reserved. Copyright 2022-2025 Advanced Micro Devices, Inc. All Rights Reserved.
---------------------------------------------------------------------------------------------------------------------------------------------
| Tool Version : Vivado v.2025.1 (lin64) Build 6140274 Wed May 21 22:58:25 MDT 2025
| Date         : Wed Nov 12 23:24:37 2025
| Host         : hyperion running 64-bit Arch Linux
| Command      : report_timing_summary -file ./reports/post_route_timing_summary.rpt
| Design       : SOC
| Device       : 7a100t-csg324
| Speed File   : -1  PRODUCTION 1.23 2018-06-13
| Design State : Routed
---------------------------------------------------------------------------------------------------------------------------------------------

Timing Summary Report

------------------------------------------------------------------------------------------------
| Timer Settings
| --------------
------------------------------------------------------------------------------------------------

  Enable Multi Corner Analysis               :  Yes
  Enable Pessimism Removal                   :  Yes
  Pessimism Removal Resolution               :  Nearest Common Node
  Enable Input Delay Default Clock           :  No
  Enable Preset / Clear Arcs                 :  No
  Disable Flight Delays                      :  No
  Ignore I/O Paths                           :  No
  Timing Early Launch at Borrowing Latches   :  No
  Borrow Time for Max Delay Exceptions       :  Yes
  Merge Timing Exceptions                    :  Yes
  Inter-SLR Compensation                     :  Conservative

  Corner  Analyze    Analyze    
  Name    Max Paths  Min Paths  
  ------  ---------  ---------  
  Slow    Yes        Yes        
  Fast    Yes        Yes        


------------------------------------------------------------------------------------------------
| Report Methodology
| ------------------
------------------------------------------------------------------------------------------------

No report available as report_methodology has not been run prior. Run report_methodology on the current design for the summary of methodology violations.



check_timing report

Table of Contents
-----------------
1. checking no_clock (19)
2. checking constant_clock (0)
3. checking pulse_width_clock (0)
4. checking unconstrained_internal_endpoints (19)
5. checking no_input_delay (1)
6. checking no_output_delay (32)
7. checking multiple_clock (0)
8. checking generated_clocks (0)
9. checking loops (0)
10. checking partial_input_delay (0)
11. checking partial_output_delay (0)
12. checking latch_loops (0)

1. checking no_clock (19)
-------------------------
 There are 19 register/latch pins with no clock driven by root clock pin: SSEG_CW/slow_CLK_reg[15]/Q (HIGH)


2. checking constant_clock (0)
------------------------------
 There are 0 register/latch pins with constant_clock.


3. checking pulse_width_clock (0)
---------------------------------
 There are 0 register/latch pins which need pulse_width check


4. checking unconstrained_internal_endpoints (19)
-------------------------------------------------
 There are 19 pins that are not constrained for maximum delay. (HIGH)

 There are 0 pins that are not constrained for maximum delay due to constant clock.


5. checking no_input_delay (1)
------------------------------
 There is 1 input port with no input delay specified. (HIGH)

 There are 0 input ports with no input delay but user has a false path constraint.


6. checking no_output_delay (32)
--------------------------------
 There are 32 ports with no output delay specified. (HIGH)

 There are 0 ports with no output delay but user has a false path constraint

 There are 0 ports with no output delay but with a timing clock defined on it or propagating through it


7. checking multiple_clock (0)
------------------------------
 There are 0 register/latch pins with multiple clocks.


8. checking generated_clocks (0)
--------------------------------
 There are 0 generated clocks that are not connected to a clock source.


9. checking loops (0)
---------------------
 There are 0 combinational loops in the design.


10. checking partial_input_delay (0)
------------------------------------
 There are 0 input ports with partial input delay specified.


11. checking partial_output_delay (0)
-------------------------------------
 There are 0 ports with partial output delay specified.


12. checking latch_loops (0)
----------------------------
 There are 0 combinational latch loops in the design through latch input



------------------------------------------------------------------------------------------------
| Design Timing Summary
| ---------------------
------------------------------------------------------------------------------------------------

    WNS(ns)      TNS(ns)  TNS Failing Endpoints  TNS Total Endpoints      WHS(ns)      THS(ns)  THS Failing Endpoints  THS Total Endpoints     WPWS(ns)     TPWS(ns)  TPWS Failing Endpoints  TPWS Total Endpoints  
    -------      -------  ---------------------  -------------------      -------      -------  ---------------------  -------------------     --------     --------  ----------------------  --------------------  
      0.693        0.000                      0                 2942        0.177        0.000                      0                 2942        4.500        0.000                       0                  1259  


All user specified timing constraints are met.


------------------------------------------------------------------------------------------------
| Clock Summary
| -------------
------------------------------------------------------------------------------------------------

Clock        Waveform(ns)       Period(ns)      Frequency(MHz)
-----        ------------       ----------      --------------
sys_clk_pin  {0.000 5.000}      10.000          100.000         


------------------------------------------------------------------------------------------------
| Intra Clock Table
| -----------------
------------------------------------------------------------------------------------------------

Clock             WNS(ns)      TNS(ns)  TNS Failing Endpoints  TNS Total Endpoints      WHS(ns)      THS(ns)  THS Failing Endpoints  THS Total Endpoints     WPWS(ns)     TPWS(ns)  TPWS Failing Endpoints  TPWS Total Endpoints  
-----             -------      -------  ---------------------  -------------------      -------      -------  ---------------------  -------------------     --------     --------  ----------------------  --------------------  
sys_clk_pin         0.693        0.000                      0                 2942        0.177        0.000                      0                 2942        4.500        0.000                       0                  1259  


------------------------------------------------------------------------------------------------
| Inter Clock Table
| -----------------
------------------------------------------------------------------------------------------------

From Clock    To Clock          WNS(ns)      TNS(ns)  TNS Failing Endpoints  TNS Total Endpoints      WHS(ns)      THS(ns)  THS Failing Endpoints  THS Total Endpoints  
----------    --------          -------      -------  ---------------------  -------------------      -------      -------  ---------------------  -------------------  


------------------------------------------------------------------------------------------------
| Other Path Groups Table
| -----------------------
------------------------------------------------------------------------------------------------

Path Group    From Clock    To Clock          WNS(ns)      TNS(ns)  TNS Failing Endpoints  TNS Total Endpoints      WHS(ns)      THS(ns)  THS Failing Endpoints  THS Total Endpoints  
----------    ----------    --------          -------      -------  ---------------------  -------------------      -------      -------  ---------------------  -------------------  


------------------------------------------------------------------------------------------------
| Timing Details
| --------------
------------------------------------------------------------------------------------------------


---------------------------------------------------------------------------------------------------
From Clock:  sys_clk_pin
  To Clock:  sys_clk_pin

Setup :            0  Failing Endpoints,  Worst Slack        0.693ns,  Total Violation        0.000ns
Hold  :            0  Failing Endpoints,  Worst Slack        0.177ns,  Total Violation        0.000ns
PW    :            0  Failing Endpoints,  Worst Slack        4.500ns,  Total Violation        0.000ns
---------------------------------------------------------------------------------------------------


Max Delay Paths
--------------------------------------------------------------------------------------
Slack (MET) :             0.693ns  (required time - arrival time)
  Source:                 CPU/instr_reg[0]/C
                            (rising edge-triggered cell FDRE clocked by sys_clk_pin  {rise@0.000ns fall@5.000ns period=10.000ns})
  Destination:            CPU/PC_reg[29]/D
                            (rising edge-triggered cell FDCE clocked by sys_clk_pin  {rise@0.000ns fall@5.000ns period=10.000ns})
  Path Group:             sys_clk_pin
  Path Type:              Setup (Max at Slow Process Corner)
  Requirement:            10.000ns  (sys_clk_pin rise@10.000ns - sys_clk_pin rise@0.000ns)
  Data Path Delay:        9.361ns  (logic 4.722ns (50.445%)  route 4.639ns (49.555%))
  Logic Levels:           23  (CARRY4=14 LUT2=1 LUT3=1 LUT4=3 LUT5=1 LUT6=3)
  Clock Path Skew:        -0.020ns (DCD - SCD + CPR)
    Destination Clock Delay (DCD):    5.100ns = ( 15.100 - 10.000 ) 
    Source Clock Delay      (SCD):    5.405ns
    Clock Pessimism Removal (CPR):    0.284ns
  Clock Uncertainty:      0.035ns  ((TSJ^2 + TIJ^2)^1/2 + DJ) / 2 + PE
    Total System Jitter     (TSJ):    0.071ns
    Total Input Jitter      (TIJ):    0.000ns
    Discrete Jitter          (DJ):    0.000ns
    Phase Error              (PE):    0.000ns

    Location             Delay type                Incr(ns)  Path(ns)    Netlist Resource(s)
  -------------------------------------------------------------------    -------------------
                         (clock sys_clk_pin rise edge)
                                                      0.000     0.000 r  
    E3                                                0.000     0.000 r  CLK (IN)
                         net (fo=0)                   0.000     0.000    CLK
    E3                   IBUF (Prop_ibuf_I_O)         1.482     1.482 r  CLK_IBUF_inst/O
                         net (fo=1, routed)           2.025     3.506    CLK_IBUF
    BUFGCTRL_X0Y16       BUFG (Prop_bufg_I_O)         0.096     3.602 r  CLK_IBUF_BUFG_inst/O
                         net (fo=1258, routed)        1.802     5.405    CPU/CLK_IBUF_BUFG
    SLICE_X46Y36         FDRE                                         r  CPU/instr_reg[0]/C
  -------------------------------------------------------------------    -------------------
    SLICE_X46Y36         FDRE (Prop_fdre_C_Q)         0.518     5.923 f  CPU/instr_reg[0]/Q
                         net (fo=5, routed)           0.538     6.461    CPU/instr_reg_n_0_[0]
    SLICE_X46Y36         LUT4 (Prop_lut4_I0_O)        0.124     6.585 f  CPU/FSM_onehot_state[1]_i_3/O
                         net (fo=12, routed)          0.389     6.974    CPU/FSM_onehot_state[1]_i_3_n_0
    SLICE_X47Y36         LUT4 (Prop_lut4_I3_O)        0.124     7.098 r  CPU/aluPlus_carry_i_5/O
                         net (fo=120, routed)         0.391     7.488    CPU/aluPlus_carry_i_5_n_0
    SLICE_X44Y35         LUT3 (Prop_lut3_I1_O)        0.124     7.612 r  CPU/aluPlus_carry_i_7/O
                         net (fo=72, routed)          0.561     8.173    CPU/aluPlus_carry_i_7_n_0
    SLICE_X43Y35         LUT2 (Prop_lut2_I1_O)        0.124     8.297 r  CPU/aluMinus_carry_i_3/O
                         net (fo=1, routed)           0.000     8.297    CPU/aluMinus_carry_i_3_n_0
    SLICE_X43Y35         CARRY4 (Prop_carry4_S[1]_CO[3])
                                                      0.550     8.847 r  CPU/aluMinus_carry/CO[3]
                         net (fo=1, routed)           0.000     8.847    CPU/aluMinus_carry_n_0
    SLICE_X43Y36         CARRY4 (Prop_carry4_CI_CO[3])
                                                      0.114     8.961 r  CPU/aluMinus_carry__0/CO[3]
                         net (fo=1, routed)           0.000     8.961    CPU/aluMinus_carry__0_n_0
    SLICE_X43Y37         CARRY4 (Prop_carry4_CI_CO[3])
                                                      0.114     9.075 r  CPU/aluMinus_carry__1/CO[3]
                         net (fo=1, routed)           0.000     9.075    CPU/aluMinus_carry__1_n_0
    SLICE_X43Y38         CARRY4 (Prop_carry4_CI_CO[3])
                                                      0.114     9.189 r  CPU/aluMinus_carry__2/CO[3]
                         net (fo=1, routed)           0.000     9.189    CPU/aluMinus_carry__2_n_0
    SLICE_X43Y39         CARRY4 (Prop_carry4_CI_CO[3])
                                                      0.114     9.303 r  CPU/aluMinus_carry__3/CO[3]
                         net (fo=1, routed)           0.000     9.303    CPU/aluMinus_carry__3_n_0
    SLICE_X43Y40         CARRY4 (Prop_carry4_CI_CO[3])
                                                      0.114     9.417 r  CPU/aluMinus_carry__4/CO[3]
                         net (fo=1, routed)           0.000     9.417    CPU/aluMinus_carry__4_n_0
    SLICE_X43Y41         CARRY4 (Prop_carry4_CI_CO[3])
                                                      0.114     9.531 r  CPU/aluMinus_carry__5/CO[3]
                         net (fo=1, routed)           0.000     9.531    CPU/aluMinus_carry__5_n_0
    SLICE_X43Y42         CARRY4 (Prop_carry4_CI_O[1])
                                                      0.334     9.865 r  CPU/aluMinus_carry__6/O[1]
                         net (fo=2, routed)           0.661    10.526    CPU/aluMinus_carry__6_n_6
    SLICE_X40Y43         LUT4 (Prop_lut4_I0_O)        0.303    10.829 r  CPU/PC[31]_i_29/O
                         net (fo=1, routed)           0.492    11.321    CPU/PC[31]_i_29_n_0
    SLICE_X44Y38         LUT5 (Prop_lut5_I4_O)        0.124    11.445 r  CPU/PC[31]_i_26/O
                         net (fo=1, routed)           0.162    11.607    CPU/PC[31]_i_26_n_0
    SLICE_X44Y38         LUT6 (Prop_lut6_I5_O)        0.124    11.731 r  CPU/PC[31]_i_21/O
                         net (fo=1, routed)           0.279    12.010    CPU/PC[31]_i_21_n_0
    SLICE_X44Y38         LUT6 (Prop_lut6_I0_O)        0.124    12.134 f  CPU/PC[31]_i_12/O
                         net (fo=61, routed)          0.558    12.692    CPU/PC[31]_i_12_n_0
    SLICE_X48Y39         LUT6 (Prop_lut6_I4_O)        0.124    12.816 r  CPU/PC[11]_i_5/O
                         net (fo=1, routed)           0.608    13.424    CPU/PC[11]_i_5_n_0
    SLICE_X46Y41         CARRY4 (Prop_carry4_DI[0]_CO[3])
                                                      0.550    13.974 r  CPU/PC_reg[11]_i_1/CO[3]
                         net (fo=1, routed)           0.000    13.974    CPU/PC_reg[11]_i_1_n_0
    SLICE_X46Y42         CARRY4 (Prop_carry4_CI_CO[3])
                                                      0.117    14.091 r  CPU/PC_reg[15]_i_1/CO[3]
                         net (fo=1, routed)           0.000    14.091    CPU/PC_reg[15]_i_1_n_0
    SLICE_X46Y43         CARRY4 (Prop_carry4_CI_CO[3])
                                                      0.117    14.208 r  CPU/PC_reg[19]_i_1/CO[3]
                         net (fo=1, routed)           0.000    14.208    CPU/PC_reg[19]_i_1_n_0
    SLICE_X46Y44         CARRY4 (Prop_carry4_CI_CO[3])
                                                      0.117    14.325 r  CPU/PC_reg[23]_i_1/CO[3]
                         net (fo=1, routed)           0.000    14.325    CPU/PC_reg[23]_i_1_n_0
    SLICE_X46Y45         CARRY4 (Prop_carry4_CI_CO[3])
                                                      0.117    14.442 r  CPU/PC_reg[27]_i_1/CO[3]
                         net (fo=1, routed)           0.000    14.442    CPU/PC_reg[27]_i_1_n_0
    SLICE_X46Y46         CARRY4 (Prop_carry4_CI_O[1])
                                                      0.323    14.765 r  CPU/PC_reg[31]_i_2/O[1]
                         net (fo=1, routed)           0.000    14.765    CPU/PC_reg[31]_i_2_n_6
    SLICE_X46Y46         FDCE                                         r  CPU/PC_reg[29]/D
  -------------------------------------------------------------------    -------------------

                         (clock sys_clk_pin rise edge)
                                                     10.000    10.000 r  
    E3                                                0.000    10.000 r  CLK (IN)
                         net (fo=0)                   0.000    10.000    CLK
    E3                   IBUF (Prop_ibuf_I_O)         1.411    11.411 r  CLK_IBUF_inst/O
                         net (fo=1, routed)           1.920    13.331    CLK_IBUF
    BUFGCTRL_X0Y16       BUFG (Prop_bufg_I_O)         0.091    13.422 r  CLK_IBUF_BUFG_inst/O
                         net (fo=1258, routed)        1.678    15.100    CPU/CLK_IBUF_BUFG
    SLICE_X46Y46         FDCE                                         r  CPU/PC_reg[29]/C
                         clock pessimism              0.284    15.385    
                         clock uncertainty           -0.035    15.349    
    SLICE_X46Y46         FDCE (Setup_fdce_C_D)        0.109    15.458    CPU/PC_reg[29]
  -------------------------------------------------------------------
                         required time                         15.458    
                         arrival time                         -14.765    
  -------------------------------------------------------------------
                         slack                                  0.693    





Min Delay Paths
--------------------------------------------------------------------------------------
Slack (MET) :             0.177ns  (arrival time - required time)
  Source:                 leds_reg[13]/C
                            (rising edge-triggered cell FDRE clocked by sys_clk_pin  {rise@0.000ns fall@5.000ns period=10.000ns})
  Destination:            ledDim/leds_o_reg[13]/D
                            (rising edge-triggered cell FDRE clocked by sys_clk_pin  {rise@0.000ns fall@5.000ns period=10.000ns})
  Path Group:             sys_clk_pin
  Path Type:              Hold (Min at Fast Process Corner)
  Requirement:            0.000ns  (sys_clk_pin rise@0.000ns - sys_clk_pin rise@0.000ns)
  Data Path Delay:        0.261ns  (logic 0.141ns (54.057%)  route 0.120ns (45.943%))
  Logic Levels:           0  
  Clock Path Skew:        0.037ns (DCD - SCD - CPR)
    Destination Clock Delay (DCD):    2.075ns
    Source Clock Delay      (SCD):    1.555ns
    Clock Pessimism Removal (CPR):    0.483ns

    Location             Delay type                Incr(ns)  Path(ns)    Netlist Resource(s)
  -------------------------------------------------------------------    -------------------
                         (clock sys_clk_pin rise edge)
                                                      0.000     0.000 r  
    E3                                                0.000     0.000 r  CLK (IN)
                         net (fo=0)                   0.000     0.000    CLK
    E3                   IBUF (Prop_ibuf_I_O)         0.250     0.250 r  CLK_IBUF_inst/O
                         net (fo=1, routed)           0.644     0.894    CLK_IBUF
    BUFGCTRL_X0Y16       BUFG (Prop_bufg_I_O)         0.026     0.920 r  CLK_IBUF_BUFG_inst/O
                         net (fo=1258, routed)        0.635     1.555    CLK_IBUF_BUFG
    SLICE_X25Y34         FDRE                                         r  leds_reg[13]/C
  -------------------------------------------------------------------    -------------------
    SLICE_X25Y34         FDRE (Prop_fdre_C_Q)         0.141     1.696 r  leds_reg[13]/Q
                         net (fo=1, routed)           0.120     1.816    ledDim/Q[13]
    SLICE_X22Y34         FDRE                                         r  ledDim/leds_o_reg[13]/D
  -------------------------------------------------------------------    -------------------

                         (clock sys_clk_pin rise edge)
                                                      0.000     0.000 r  
    E3                                                0.000     0.000 r  CLK (IN)
                         net (fo=0)                   0.000     0.000    CLK
    E3                   IBUF (Prop_ibuf_I_O)         0.438     0.438 r  CLK_IBUF_inst/O
                         net (fo=1, routed)           0.699     1.136    CLK_IBUF
    BUFGCTRL_X0Y16       BUFG (Prop_bufg_I_O)         0.029     1.165 r  CLK_IBUF_BUFG_inst/O
                         net (fo=1258, routed)        0.910     2.075    ledDim/CLK_IBUF_BUFG
    SLICE_X22Y34         FDRE                                         r  ledDim/leds_o_reg[13]/C
                         clock pessimism             -0.483     1.592    
    SLICE_X22Y34         FDRE (Hold_fdre_C_D)         0.047     1.639    ledDim/leds_o_reg[13]
  -------------------------------------------------------------------
                         required time                         -1.639    
                         arrival time                           1.816    
  -------------------------------------------------------------------
                         slack                                  0.177    





Pulse Width Checks
--------------------------------------------------------------------------------------
Clock Name:         sys_clk_pin
Waveform(ns):       { 0.000 5.000 }
Period(ns):         10.000
Sources:            { CLK }

Check Type        Corner  Lib Pin             Reference Pin  Required(ns)  Actual(ns)  Slack(ns)  Location      Pin
Min Period        n/a     RAMB36E1/CLKARDCLK  n/a            2.944         10.000      7.056      RAMB36_X1Y6   RAM/MEM_reg_0_0/CLKARDCLK
Low Pulse Width   Slow    FDRE/C              n/a            0.500         5.000       4.500      SLICE_X32Y34  leds_reg[0]/C
High Pulse Width  Slow    FDRE/C              n/a            0.500         5.000       4.500      SLICE_X32Y34  leds_reg[0]/C



